<?xml version="1.0" encoding="UTF-8"?>
<!-- Generated by org.testng.reporters.JUnitReportReporter -->
<testsuite hostname="SURABHI" failures="0" tests="1" name="com.Obsqura.rmartSupermarket.Testscript.LoginPageTest" time="7.093" errors="0" timestamp="2025-03-24T22:35:06 GST" skipped="0">
  <testcase classname="com.Obsqura.rmartSupermarket.Testscript.LoginPageTest" name="verifyvalidusernameandinvalidpassword" time="7.093"/>
</testsuite> <!-- com.Obsqura.rmartSupermarket.Testscript.LoginPageTest -->
