<?xml version="1.0" encoding="UTF-8"?>
<!-- Generated by org.testng.reporters.JUnitReportReporter -->
<testsuite hostname="SURABHI" failures="0" tests="1" name="com.Obsqura.rmartSupermarket.Testscript.HomePageTest" time="7.667" errors="0" timestamp="2025-03-24T22:37:39 GST" skipped="0">
  <testcase classname="com.Obsqura.rmartSupermarket.Testscript.HomePageTest" name="verifyusercanlogout" time="7.667"/>
</testsuite> <!-- com.Obsqura.rmartSupermarket.Testscript.HomePageTest -->
