<?xml version="1.0" encoding="UTF-8"?>
<!-- Generated by org.testng.reporters.JUnitReportReporter -->
<testsuite hostname="SURABHI" failures="0" tests="1" name="com.Obsqura.rmartSupermarket.Testscript.SubCategoryPageTest" time="12.359" errors="0" timestamp="2025-03-24T18:48:28 GST" skipped="0">
  <testcase classname="com.Obsqura.rmartSupermarket.Testscript.SubCategoryPageTest" name="verifyUserCanAddSubCategory" time="12.359"/>
</testsuite> <!-- com.Obsqura.rmartSupermarket.Testscript.SubCategoryPageTest -->
