<?xml version="1.0" encoding="UTF-8"?>
<!-- Generated by org.testng.reporters.JUnitReportReporter -->
<testsuite hostname="SURABHI" failures="0" tests="1" name="com.Obsqura.rmartSupermarket.Testscript.ManageNewsPageTest" time="11.879" errors="0" timestamp="2025-03-27T08:42:24 GST" skipped="0">
  <testcase classname="com.Obsqura.rmartSupermarket.Testscript.ManageNewsPageTest" name="verifyUserCanCreateNewMessages" time="11.879"/>
</testsuite> <!-- com.Obsqura.rmartSupermarket.Testscript.ManageNewsPageTest -->
