<?xml version="1.0" encoding="UTF-8"?>
<!-- Generated by org.testng.reporters.JUnitReportReporter -->
<testsuite hostname="SURABHI" failures="0" tests="1" name="com.Obsqura.rmartSupermarket.Testscript.ManageNewsPageTest" time="9.257" errors="0" timestamp="2025-03-24T08:33:43 GST" skipped="0">
  <testcase classname="com.Obsqura.rmartSupermarket.Testscript.ManageNewsPageTest" name="verifyUserCanCreateNewMessages" time="9.257"/>
</testsuite> <!-- com.Obsqura.rmartSupermarket.Testscript.ManageNewsPageTest -->
