<?xml version="1.0" encoding="UTF-8"?>
<!-- Generated by org.testng.reporters.JUnitReportReporter -->
<testsuite hostname="SURABHI" failures="0" tests="1" name="com.Obsqura.rmartSupermarket.Testscript.ManageContactPageTest" time="22.625" errors="0" timestamp="2025-04-02T16:45:20 GST" skipped="0">
  <testcase classname="com.Obsqura.rmartSupermarket.Testscript.ManageContactPageTest" name="verifyUserCanUpdateContactUsInfo" time="22.625"/>
</testsuite> <!-- com.Obsqura.rmartSupermarket.Testscript.ManageContactPageTest -->
