<?xml version="1.0" encoding="UTF-8"?>
<!-- Generated by org.testng.reporters.JUnitReportReporter -->
<testsuite hostname="SURABHI" failures="0" tests="1" name="com.Obsqura.rmartSupermarket.Testscript.ManageProductTest" time="15.631" errors="0" timestamp="2025-04-02T16:50:42 GST" skipped="0">
  <testcase classname="com.Obsqura.rmartSupermarket.Testscript.ManageProductTest" name="verifyUserIsAbleToSearchProducts" time="15.631"/>
</testsuite> <!-- com.Obsqura.rmartSupermarket.Testscript.ManageProductTest -->
