<?xml version="1.0" encoding="UTF-8"?>
<!-- Generated by org.testng.reporters.JUnitReportReporter -->
<testsuite hostname="SURABHI" failures="0" tests="1" name="com.Obsqura.rmartSupermarket.Testscript.ManageFooterTextPageTest" time="61.670" errors="0" timestamp="2025-03-25T09:32:45 GST" skipped="0">
  <testcase classname="com.Obsqura.rmartSupermarket.Testscript.ManageFooterTextPageTest" name="verifyUserCanCreateFooterTextInfo" time="61.670"/>
</testsuite> <!-- com.Obsqura.rmartSupermarket.Testscript.ManageFooterTextPageTest -->
