<?xml version="1.0" encoding="UTF-8"?>
<!-- Generated by org.testng.reporters.JUnitReportReporter -->
<testsuite hostname="SURABHI" failures="0" tests="1" name="com.Obsqura.rmartSupermarket.Testscript.AdminUserTest" time="9.412" errors="0" timestamp="2025-03-24T22:52:08 GST" skipped="0">
  <testcase classname="com.Obsqura.rmartSupermarket.Testscript.AdminUserTest" name="verifyusercancreatenewadminuser" time="9.412"/>
</testsuite> <!-- com.Obsqura.rmartSupermarket.Testscript.AdminUserTest -->
