<?xml version="1.0" encoding="UTF-8"?>
<!-- Generated by org.testng.reporters.JUnitReportReporter -->
<testsuite hostname="SURABHI" failures="0" tests="1" name="com.Obsqura.rmartSupermarket.Testscript.AdminUserTest" time="23.733" errors="0" timestamp="2025-04-02T16:42:18 GST" skipped="0">
  <testcase classname="com.Obsqura.rmartSupermarket.Testscript.AdminUserTest" name="verifyusercancreatenewadminuser" time="23.733"/>
</testsuite> <!-- com.Obsqura.rmartSupermarket.Testscript.AdminUserTest -->
